1734686996.929683 495 105 65
1734686996.935758 495 105 72
1734686996.946205 498 114 72
1734686996.955743 491 114 64
1734686996.965947 492 110 64
1734686996.977516 492 119 61
1734686996.986036 492 113 61
1734686996.995947 511 113 61
1734686997.005826 483 113 68
1734686997.016349 483 108 66
1734686997.025877 494 112 68
1734686997.035781 495 105 68
1734686997.045771 492 105 74
1734686997.055742 501 108 66
1734686997.066611 501 119 70
1734686997.075811 495 111 62
1734686997.085772 495 114 62
1734686997.096028 497 114 67
1734686997.106165 495 111 70
1734686997.116190 495 111 81
1734686997.128848 498 115 67
1734686997.135743 489 111 67
1734686997.145770 496 111 65
1734686997.156172 496 116 60
1734686997.165767 501 115 57
1734686997.176072 491 107 57
1734686997.186190 492 109 63
1734686997.195781 503 109 64
1734686997.205794 503 102 68
1734686997.218417 499 100 67
1734686997.226013 502 109 67
1734686997.238200 496 112 72
1734686997.246362 500 112 74
1734686997.255787 500 107 74
1734686997.265827 498 109 74
1734686997.277102 501 112 68
1734686997.285758 496 112 71
1734686997.295780 496 103 70
1734686997.305765 501 120 76
1734686997.315811 488 112 76
1734686997.325794 499 112 74
1734686997.337226 497 106 72
1734686997.345751 497 105 60
1734686997.355755 495 113 68
1734686997.365758 487 111 68
1734686997.376574 498 111 84
1734686997.385758 492 112 66
1734686997.395821 492 114 65
1734686997.405840 503 115 65
1734686997.416432 496 108 64
1734686997.428717 502 108 70
1734686997.436263 502 103 73
1734686997.446074 495 116 71
1734686997.455778 487 102 71
1734686997.466802 492 104 75
1734686997.475777 504 104 70
1734686997.485959 504 114 68
1734686997.495754 493 116 68
1734686997.506380 501 117 68
1734686997.516062 496 117 66
1734686997.525857 499 108 67
1734686997.536741 499 118 67
1734686997.545776 494 116 67
1734686997.555823 500 105 66
1734686997.565758 488 105 66
1734686997.578884 491 113 73
1734686997.585742 491 100 74
1734686997.595763 492 109 74
1734686997.605824 486 109 67
1734686997.615785 495 112 69
1734686997.625831 495 102 64
1734686997.635752 495 116 65
1734686997.648026 498 111 65
1734686997.655765 493 111 67
1734686997.665795 489 115 73
1734686997.676625 489 108 71
1734686997.685771 488 113 71
1734686997.695779 489 112 66
1734686997.705758 500 112 71
1734686997.715763 500 118 64
1734686997.726352 498 115 72
1734686997.735766 486 109 72
1734686997.746250 496 112 62
1734686997.757301 490 112 75
1734686997.765763 490 113 65
1734686997.775993 502 109 66
1734686997.786457 498 110 66
1734686997.795736 493 110 65
1734686997.805738 500 113 67
1734686997.816723 500 110 62
1734686997.825823 494 96 62
1734686997.838861 494 114 64
1734686997.845803 492 114 76
1734686997.856632 486 112 66
1734686997.865872 486 116 60
1734686997.877343 491 117 60
1734686997.885948 499 117 65
1734686997.895832 497 107 78
1734686997.906056 497 114 70
1734686997.915768 496 112 59
1734686997.925809 494 115 59
1734686997.935747 487 115 66
1734686997.945755 481 114 77
1734686997.955791 481 100 70
1734686997.966093 500 109 70
1734686997.975810 493 108 64
1734686997.985804 499 108 67
1734686997.996452 494 117 53
1734686998.006381 494 109 70
1734686998.016295 507 102 70
1734686998.026426 506 102 70
1734686998.037498 504 111 63
1734686998.046076 504 105 69
1734686998.056571 488 103 61
1734686998.066572 500 113 61
1734686998.079737 499 109 69
1734686998.087018 492 109 62
1734686998.097564 492 108 75
1734686998.106103 496 101 75
1734686998.116018 491 110 67
1734686998.128281 498 115 67
1734686998.135755 498 115 66
1734686998.145781 498 112 75
1734686998.155752 490 118 75
1734686998.165817 498 118 69
1734686998.175824 502 111 60
1734686998.186126 502 114 71
1734686998.195750 505 102 71
1734686998.205787 492 115 69
1734686998.216044 501 115 68
1734686998.225796 488 109 69
1734686998.236930 488 111 64
1734686998.245929 495 108 64
1734686998.255754 491 108 71
1734686998.265751 504 108 64
1734686998.275753 504 111 67
1734686998.286495 501 103 83
1734686998.295815 491 104 83
1734686998.306454 496 108 67
1734686998.315742 493 108 76
1734686998.326802 493 120 65
1734686998.335734 498 119 65
1734686998.345754 499 96 74
1734686998.355897 507 96 70
1734686998.365776 491 111 67
1734686998.375788 491 110 74
1734686998.386611 496 106 74
1734686998.395972 498 103 64
1734686998.405758 497 103 67
1734686998.416457 497 111 72
1734686998.425795 489 108 80
1734686998.435760 499 113 80
1734686998.445787 497 113 64
1734686998.455768 498 106 68
1734686998.465763 498 114 71
1734686998.476088 499 105 69
1734686998.486053 496 105 69
1734686998.495771 499 105 66
1734686998.506036 501 113 64
1734686998.515771 501 121 63
1734686998.525791 485 98 63
1734686998.536508 499 111 60
1734686998.545723 500 111 62
1734686998.556069 500 114 64
1734686998.565821 492 109 83
1734686998.575790 490 104 83
1734686998.585962 498 104 63
1734686998.595794 493 104 69
1734686998.607779 494 111 68
1734686998.615749 494 117 68
1734686998.628337 497 114 63
1734686998.635753 506 114 70
1734686998.645762 487 104 78
1734686998.655769 487 108 62
1734686998.665766 506 102 62
1734686998.675769 495 111 69
1734686998.685766 500 111 67
1734686998.696107 500 108 65
1734686998.705772 505 114 72
1734686998.716208 494 116 72
1734686998.725814 498 116 76
1734686998.736754 493 114 65
1734686998.745787 493 108 66
1734686998.756511 498 112 67
1734686998.765790 500 113 67
1734686998.779040 493 113 69
1734686998.785764 498 113 71
1734686998.798086 498 110 55
1734686998.806052 495 117 55
1734686998.815764 497 103 66
1734686998.825821 494 103 62
1734686998.836100 494 113 76
1734686998.845741 497 102 71
1734686998.855866 492 121 71
1734686998.865992 497 121 63
1734686998.875789 494 108 64
1734686998.885830 494 105 77
1734686998.896268 502 110 65
1734686998.906331 489 104 65
1734686998.918125 497 108 68
1734686998.927960 489 108 67
1734686998.937278 489 105 68
1734686998.945936 501 105 68
1734686998.955984 503 112 65
1734686998.966365 495 112 69
1734686998.975880 495 111 69
1734686999.001491 491 104 69
1734686999.012265 498 110 69
1734686999.023262 497 108 69
1734686999.027792 493 108 71
1734686999.038412 493 108 70
1734686999.050195 492 115 76
1734686999.058034 503 110 76
1734686999.068244 498 110 64
1734686999.078425 498 102 69
1734686999.088255 491 114 70
1734686999.098140 496 110 70
1734686999.110603 498 110 70
1734686999.118308 501 110 60
1734686999.129976 503 112 67
1734686999.138674 503 115 68
1734686999.148292 493 101 68
1734686999.160805 511 112 68
1734686999.170069 503 112 61
1734686999.180714 499 111 73
1734686999.188029 499 110 73
1734686999.199816 491 104 70
1734686999.208635 495 104 62
1734686999.220644 499 107 71
1734686999.232958 499 107 63
1734686999.238766 496 114 63
1734686999.248393 491 115 75
1734686999.258188 493 115 66
1734686999.268117 493 112 64
1734686999.280498 504 117 60
1734686999.288405 488 121 60
1734686999.298714 492 121 63
1734686999.307877 494 103 67
1734686999.318398 494 109 70
1734686999.331381 498 113 78
1734686999.338260 500 111 78
1734686999.348295 492 111 59
1734686999.358477 492 109 72
1734686999.369302 497 116 77
1734686999.379744 492 103 73
1734686999.389495 501 112 73
1734686999.397838 495 112 62
1734686999.408411 495 106 63
1734686999.417968 500 117 64
1734686999.428744 499 114 64
1734686999.438747 497 114 74
1734686999.448326 494 100 68
1734686999.460770 494 112 73
1734686999.468206 494 112 73
1734686999.478047 493 106 65
1734686999.489465 493 106 61
1734686999.498971 497 106 71
1734686999.508263 497 110 71
1734686999.517958 495 111 71
1734686999.528002 504 116 75
1734686999.540675 493 116 60
1734686999.552011 498 113 65
1734686999.562968 496 109 76
1734686999.568166 496 109 76
1734686999.581792 501 105 69
1734686999.588445 499 105 66
1734686999.597959 499 107 70
1734686999.608622 497 119 74
1734686999.621918 498 113 61
1734686999.629328 502 113 61
1734686999.637841 502 117 66
1734686999.647906 502 110 60
1734686999.657768 492 113 60
1734686999.668445 496 110 74
1734686999.677901 497 110 75
1734686999.688231 497 111 65
1734686999.697966 489 121 69
1734686999.707987 494 105 69
1734686999.717845 507 105 69
1734686999.728033 485 116 67
1734686999.738725 485 107 62
1734686999.748044 498 113 62
1734686999.757728 496 114 65
1734686999.768127 493 114 64
1734686999.778135 493 104 63
1734686999.788594 495 113 62
1734686999.797989 492 109 62
1734686999.808367 489 109 64
1734686999.818106 501 108 73
1734686999.829195 501 106 68
1734686999.841099 496 106 73
1734686999.849044 500 106 73
1734686999.858292 493 106 72
1734686999.868303 498 111 69
1734686999.878509 498 97 65
1734686999.888046 490 113 65
1734686999.898594 498 117 67
1734686999.908140 493 117 63
1734686999.917932 493 101 76
1734686999.928513 496 114 67
1734686999.937893 497 109 67
1734686999.951643 494 109 70
1734686999.957805 494 106 66
1734686999.968192 494 100 69
1734686999.977963 490 114 67
1734686999.989876 496 111 67
1734686999.998024 497 111 67
1734687000.010051 494 114 70
1734687000.018077 494 124 68
1734687000.028336 489 97 68
1734687000.037978 497 108 70
1734687000.050039 497 108 75
1734687000.057906 497 105 57
1734687000.069148 490 103 66
1734687000.078905 495 117 66
1734687000.087913 498 117 68
1734687000.097816 497 105 68
1734687000.108266 497 106 74
1734687000.117930 494 118 61
1734687000.132697 495 109 61
1734687000.138665 491 109 70
1734687000.148346 493 105 67
1734687000.157970 493 108 61
1734687000.168604 490 106 61
1734687000.178013 491 115 69
1734687000.188859 489 115 77
1734687000.197806 489 109 74
1734687000.207772 496 114 67
1734687000.217904 495 112 67
1734687000.227891 491 112 71
1734687000.237818 487 109 65
1734687000.247820 487 107 75
1734687000.257792 487 117 75
1734687000.271430 496 108 73
1734687000.277898 494 108 61
1734687000.289273 490 116 69
1734687000.297876 490 109 69
1734687000.310064 494 122 69
1734687000.317828 497 104 69
1734687000.328993 494 104 70
1734687000.338193 494 112 67
1734687000.347962 502 111 69
1734687000.357805 498 114 69
1734687000.367901 487 114 66
1734687000.377852 498 111 71
1734687000.388085 498 114 58
1734687000.397821 497 114 58
1734687000.408198 489 107 68
1734687000.417839 496 107 65
1734687000.428225 495 114 64
1734687000.438103 495 106 69
1734687000.448042 493 110 69
1734687000.461100 494 112 74
1734687000.468314 494 112 81
1734687000.478052 494 106 65
1734687000.488726 498 111 69
1734687000.498159 494 105 69
1734687000.508026 494 105 71
1734687000.517814 506 109 70
1734687000.527969 506 122 72
1734687000.537826 493 102 72
1734687000.547955 500 117 67
1734687000.558675 492 117 68
1734687000.568241 498 117 63
1734687000.577981 498 104 64
1734687000.589042 498 112 64
1734687000.599308 502 102 64
1734687000.608119 503 102 67
1734687000.618250 503 116 69
1734687000.628101 499 111 70
1734687000.638372 494 114 70
1734687000.648131 494 114 69
1734687000.658490 509 113 68
1734687000.667883 509 99 76
1734687000.678793 489 117 76
1734687000.687788 503 113 61
1734687000.698110 497 113 67
1734687000.708216 495 104 67
1734687000.718091 495 106 72
1734687000.733090 497 111 72
1734687000.738576 490 113 64
1734687000.748238 485 113 69
1734687000.758428 485 102 70
1734687000.768750 494 115 71
1734687000.781124 491 108 76
1734687000.788065 502 108 76
1734687000.797908 496 113 67
1734687000.808076 496 114 67
1734687000.818002 499 104 67
1734687000.829137 494 108 65
1734687000.840433 505 111 76
1734687000.847943 505 111 64
1734687000.858072 504 113 63
1734687000.868761 491 112 63
1734687000.880815 492 120 59
1734687000.888947 483 120 76
1734687000.899070 483 115 71
1734687000.908361 494 113 66
1734687000.918010 500 111 66
1734687000.928731 493 111 73
1734687000.938034 491 109 72
1734687000.948055 491 116 77
1734687000.957829 496 111 77
1734687000.968511 488 107 75
1734687000.978802 486 107 71
1734687000.987802 486 117 72
1734687000.997886 503 114 71
1734687001.008010 492 115 71
1734687001.017887 491 115 75
1734687001.029471 497 104 77
1734687001.038406 497 103 72
1734687001.049759 497 110 65
1734687001.058365 491 117 65
1734687001.067916 494 117 77
1734687001.077789 498 101 75
1734687001.088353 498 103 64
1734687001.098929 489 117 64
1734687001.107967 493 109 71
1734687001.119103 502 109 69
1734687001.129567 491 106 67
1734687001.137844 491 103 68
1734687001.147967 498 106 68
1734687001.158383 500 112 69
1734687001.168093 507 112 62
1734687001.177911 507 99 62
1734687001.188191 498 104 71
1734687001.197896 494 114 71
1734687001.208022 501 114 72
1734687001.217814 493 103 75
1734687001.229465 493 98 67
1734687001.237840 496 114 67
1734687001.248711 502 107 71
1734687001.257793 501 107 69
1734687001.268793 492 112 63
1734687001.278134 492 100 66
1734687001.287839 500 119 66
1734687001.297895 494 119 71
1734687001.307846 491 108 64
1734687001.317807 491 108 73
1734687001.328264 490 104 65
1734687001.337822 494 101 65
1734687001.348283 483 101 68
1734687001.357799 510 111 74
1734687001.367893 510 110 60
1734687001.377983 500 103 60
1734687001.388004 493 102 69
1734687001.397999 491 102 56
1734687001.407984 491 113 74
1734687001.417821 502 97 72
1734687001.427993 487 103 72
1734687001.437806 500 103 71
1734687001.448140 496 107 68
1734687001.457761 496 113 67
1734687001.467921 493 107 63
1734687001.480457 489 108 63
1734687001.488031 492 108 72
1734687001.497813 497 110 69
1734687001.507961 497 118 74
1734687001.517825 498 118 74
1734687001.528219 502 113 68
1734687001.538412 505 113 72
1734687001.548075 505 124 65
1734687001.557867 501 111 72
1734687001.568874 501 107 72
1734687001.579284 497 108 69
1734687001.587821 494 108 68
1734687001.597858 494 117 67
1734687001.608100 501 113 68
1734687001.621571 500 114 64
1734687001.628005 485 114 64
1734687001.638472 502 122 71
1734687001.654472 502 107 70
1734687001.657984 499 118 70
1734687001.669516 491 106 75
1734687001.678019 498 106 67
1734687001.690742 500 121 71
1734687001.699103 500 105 66
1734687001.708833 499 103 66
1734687001.718127 496 103 56
1734687001.727971 502 114 69
1734687001.738623 502 105 67
1734687001.747916 487 112 67
1734687001.758940 494 110 69
1734687001.767893 498 110 67
1734687001.778638 499 114 72
1734687001.788513 499 112 74
1734687001.797831 494 112 74
1734687001.808961 496 106 57
1734687001.817835 495 106 62
1734687001.827924 495 110 64
1734687001.838097 502 114 75
1734687001.848518 490 114 75
1734687001.857908 488 114 69
1734687001.867934 494 110 76
1734687001.877916 494 110 67
1734687001.887911 498 109 67
1734687001.898172 503 104 60
1734687001.908499 488 104 66
1734687001.918010 488 107 64
1734687001.929405 494 102 68
1734687001.938780 504 104 68
1734687001.949492 496 112 66
1734687001.958017 501 112 73
1734687001.967987 501 111 63
1734687001.978016 492 113 68
1734687001.987872 493 112 68
1734687001.997822 499 112 70
1734687002.010370 500 116 65
1734687002.018070 500 113 72
1734687002.029582 504 101 64
1734687002.038967 502 110 64
1734687002.048389 489 110 61
1734687002.058747 499 109 68
1734687002.068615 499 108 69
1734687002.077900 495 111 69
1734687002.088075 494 119 62
1734687002.097904 497 119 65
1734687002.109249 497 112 71
1734687002.117832 501 114 71
1734687002.133900 494 105 58
1734687002.137915 496 105 58
1734687002.148237 496 109 59
1734687002.157963 496 121 71
1734687002.167832 494 113 71
1734687002.177902 504 117 75
1734687002.187881 500 117 68
1734687002.197881 500 112 68
1734687002.208401 498 105 71
1734687002.217828 493 105 71
1734687002.230810 492 110 71
1734687002.238137 491 110 68
1734687002.247945 491 114 69
1734687002.259182 492 111 69
1734687002.268004 509 113 69
1734687002.278667 492 113 68
1734687002.288320 489 112 74
1734687002.297816 489 114 76
1734687002.307741 498 120 76
1734687002.318371 507 115 59
1734687002.327955 495 115 73
1734687002.338260 496 118 73
1734687002.347873 496 103 61
1734687002.357778 505 105 61
1734687002.367824 498 106 77
1734687002.378140 494 106 63
1734687002.388048 494 111 72
1734687002.397828 494 111 74
1734687002.408285 497 108 74
1734687002.417818 490 108 67
1734687002.428558 491 106 65
1734687002.437811 491 105 69
1734687002.448013 487 116 69
1734687002.459437 492 112 64
1734687002.468371 500 112 71
1734687002.478021 496 110 70
1734687002.488287 496 117 68
1734687002.497940 498 103 68
1734687002.510427 485 98 72
1734687002.520239 493 98 73
1734687002.529269 489 106 68
1734687002.539077 489 100 65
1734687002.548445 500 103 65
1734687002.562628 489 108 66
1734687002.568076 492 108 71
1734687002.578995 492 117 64
1734687002.588468 498 105 64
1734687002.597996 498 109 63
1734687002.607928 492 109 67
1734687002.618283 494 111 67
1734687002.627942 494 105 70
1734687002.638803 500 106 70
1734687002.647847 488 112 68
1734687002.658171 489 112 66
1734687002.668826 489 102 75
1734687002.679344 492 108 67
1734687002.688064 493 107 67
1734687002.697973 495 107 66
1734687002.708490 494 119 70
1734687002.717828 494 113 72
1734687002.728015 482 112 72
1734687002.737807 494 105 61
1734687002.747967 498 105 69
1734687002.758900 495 123 59
1734687002.769281 495 109 64
1734687002.778013 496 116 64
1734687002.787915 498 99 72
1734687002.798370 496 99 68
1734687002.807842 496 115 69
1734687002.817935 502 110 64
1734687002.828491 488 97 64
1734687002.837951 490 97 62
1734687002.847944 495 106 64
1734687002.857957 495 97 79
1734687002.867847 492 108 79
1734687002.879170 496 103 69
1734687002.887926 500 103 65
1734687002.897925 500 110 64
1734687002.908416 495 121 67
1734687002.917950 494 105 67
1734687002.928612 493 106 77
1734687002.938058 487 106 75
1734687002.948749 487 116 68
1734687002.959354 493 106 72
1734687002.969108 498 102 72
1734687002.978985 502 113 67
1734687002.988033 494 113 66
1734687002.997924 494 113 67
1734687003.007967 497 111 67
1734687003.017816 499 109 66
1734687003.028022 499 109 72
1734687003.038433 489 114 71
1734687003.048100 489 122 67
1734687003.057809 487 113 67
1734687003.067825 497 101 71
1734687003.077892 492 101 63
1734687003.088040 492 108 68
1734687003.097819 493 97 79
1734687003.107782 490 108 79
1734687003.117819 498 108 71
1734687003.128813 499 112 67
1734687003.137969 499 100 66
1734687003.147898 498 113 66
1734687003.157806 503 112 71
1734687003.169383 494 112 77
1734687003.178430 494 115 76
1734687003.187819 496 111 68
1734687003.197930 503 118 68
1734687003.207803 497 114 66
1734687003.217828 492 114 77
1734687003.228510 492 113 64
1734687003.237842 488 110 70
1734687003.247976 483 112 70
1734687003.257782 495 112 67
1734687003.268011 499 108 63
1734687003.277840 499 115 65
1734687003.287870 498 107 65
1734687003.298050 486 112 69
1734687003.307992 492 112 63
1734687003.317880 492 106 74
1734687003.328931 496 107 65
1734687003.337893 490 112 65
1734687003.348325 488 114 65
1734687003.357940 498 114 74
1734687003.368065 498 110 64
1734687003.377910 498 113 71
1734687003.388128 505 105 71
1734687003.398687 489 105 65
1734687003.408027 488 112 71
1734687003.418562 488 103 66
1734687003.430079 489 104 71
1734687003.439586 495 107 71
1734687003.449038 504 107 61
1734687003.458580 491 107 73
1734687003.467934 491 102 62
1734687003.479398 496 114 73
1734687003.493271 492 106 73
1734687003.502877 493 100 64
1734687003.508452 493 100 66
1734687003.517993 494 98 71
1734687003.530035 496 109 71
1734687003.541061 499 111 67
1734687003.549501 493 111 67
1734687003.559074 493 108 65
1734687003.568180 485 102 65
1734687003.578510 493 115 68
1734687003.588830 495 115 68
1734687003.598384 496 109 72
1734687003.608151 496 115 62
1734687003.618567 504 107 62
1734687003.628308 491 129 66
1734687003.637815 497 129 67
1734687003.647879 497 109 69
1734687003.657991 494 103 69
1734687003.667868 490 112 69
1734687003.678114 496 112 66
1734687003.688231 499 102 71
1734687003.697904 499 111 60
1734687003.713128 493 115 70
1734687003.717899 495 104 70
1734687003.730201 495 106 69
1734687003.738494 484 106 64
1734687003.749100 484 115 62
1734687003.758646 491 111 62
1734687003.767822 499 109 74
1734687003.778118 499 109 56
1734687003.788672 499 112 74
1734687003.797912 499 113 71
1734687003.809120 496 115 71
1734687003.818462 499 115 71
1734687003.827906 488 123 65
1734687003.837828 488 111 65
1734687003.849189 489 107 65
1734687003.857780 497 101 74
1734687003.868150 496 101 74
1734687003.879131 491 114 66
1734687003.887912 491 116 70
1734687003.897906 497 106 70
1734687003.909304 496 107 71
1734687003.918486 489 107 66
1734687003.930168 489 109 70
1734687003.937908 492 108 68
1734687003.947814 492 104 68
1734687003.958056 493 104 76
1734687003.967774 499 110 71
1734687003.978168 499 100 65
1734687003.989653 495 112 65
1734687003.998081 491 109 65
1734687004.009640 497 109 72
1734687004.017815 497 99 71
1734687004.029355 497 115 69
1734687004.037934 495 104 69
1734687004.048033 498 103 67
1734687004.057793 488 103 63
1734687004.067851 488 115 66
1734687004.078796 497 105 65
1734687004.087814 485 115 65
1734687004.097864 492 115 71
1734687004.108830 496 119 70
1734687004.117786 496 106 71
1734687004.129663 501 114 61
1734687004.137899 500 107 61
1734687004.148132 501 107 79
1734687004.157956 501 112 73
1734687004.168194 490 109 71
1734687004.181335 501 117 64
1734687004.187922 497 111 64
1734687004.198130 489 111 65
1734687004.207921 489 105 64
1734687004.218047 497 114 71
1734687004.229760 501 112 71
1734687004.238489 502 112 63
1734687004.248107 494 121 72
1734687004.257748 494 106 71
1734687004.267921 492 120 71
1734687004.277843 483 106 76
1734687004.288207 493 106 67
1734687004.298503 502 106 70
1734687004.309510 502 105 63
1734687004.317914 480 109 63
1734687004.328350 504 108 73
1734687004.337833 488 108 78
1734687004.348147 488 115 63
1734687004.358395 493 114 73
1734687004.369373 489 105 73
1734687004.383652 499 118 60
1734687004.387882 501 118 71
1734687004.398431 501 98 73
1734687004.408593 497 111 69
1734687004.418204 500 104 69
1734687004.429849 497 104 70
1734687004.437828 497 105 77
1734687004.448038 502 121 73
1734687004.457885 494 95 73
1734687004.469097 492 104 78
1734687004.477897 501 104 72
1734687004.487982 501 101 65
1734687004.497885 496 113 79
1734687004.508244 492 103 79
1734687004.517833 505 103 74
1734687004.528446 495 106 74
1734687004.538022 495 107 75
1734687004.547965 491 106 75
1734687004.558345 493 106 63
1734687004.567900 487 106 79
1734687004.577914 487 102 73
1734687004.588091 498 106 69
1734687004.597898 494 104 69
1734687004.607874 487 114 79
1734687004.618121 497 114 65
1734687004.629656 502 111 55
1734687004.637882 502 100 74
1734687004.647892 492 107 74
1734687004.658701 489 113 71
1734687004.668600 500 113 75
1734687004.680000 500 103 69
1734687004.688280 493 107 69
1734687004.697901 489 111 75
1734687004.707917 507 111 64
1734687004.717822 507 107 63
1734687004.728209 502 104 64
1734687004.737819 498 104 64
1734687004.748476 496 115 60
1734687004.757794 491 115 74
1734687004.767967 491 111 78
1734687004.777928 492 109 61
1734687004.787825 489 110 61
1734687004.798159 492 110 65
1734687004.808009 490 115 68
1734687004.817832 490 104 59
1734687004.827915 500 100 59
1734687004.837828 488 108 70
1734687004.847914 498 108 62
1734687004.858166 498 109 62
1734687004.868053 483 105 72
1734687004.878147 496 115 72
1734687004.889268 500 119 76
1734687004.897821 499 119 70
1734687004.910072 492 106 75
1734687004.917815 492 109 71
1734687004.928143 485 120 71
1734687004.937898 499 120 68
1734687004.947927 490 111 63
1734687004.958302 490 111 66
1734687004.968400 489 104 66
1734687004.978065 501 98 72
1734687004.987804 506 98 69
1734687004.997837 506 110 73
1734687005.008181 498 114 76
1734687005.018265 505 114 76
1734687005.028613 487 106 69
1734687005.037825 485 106 70
1734687005.048703 485 117 69
1734687005.057776 498 117 62
1734687005.069239 496 109 62
1734687005.078282 483 109 71
1734687005.088850 496 113 75
1734687005.097834 496 114 67
1734687005.107766 492 101 67
1734687005.117816 490 112 67
1734687005.128765 495 112 59
1734687005.138316 495 115 71
1734687005.147971 492 98 70
1734687005.157882 505 104 70
1734687005.168003 488 104 73
1734687005.178493 500 110 69
1734687005.187815 500 109 72
1734687005.198303 496 106 87
1734687005.209587 495 109 87
1734687005.217818 508 109 64
1734687005.229904 500 116 69
1734687005.238323 500 99 71
1734687005.249408 489 109 68
1734687005.260139 498 111 68
1734687005.268332 492 111 63
1734687005.278103 492 114 64
1734687005.288862 487 104 72
1734687005.298061 493 114 72
1734687005.310112 502 112 71
1734687005.318348 492 112 70
1734687005.328390 492 110 65
1734687005.339052 499 116 77
1734687005.348792 491 107 77
1734687005.359215 500 103 65
1734687005.368229 503 103 73
1734687005.378402 503 113 64
1734687005.390988 502 110 68
1734687005.399622 499 109 68
1734687005.408278 500 109 69
1734687005.418222 500 106 63
1734687005.427903 500 105 65
1734687005.437783 505 112 65
1734687005.447832 494 112 64
1734687005.457832 484 112 59
1734687005.468044 484 111 71
1734687005.478610 500 110 75
1734687005.487909 490 112 75
1734687005.497989 491 112 64
1734687005.508266 494 110 71
1734687005.517914 494 105 71
1734687005.528345 497 109 71
1734687005.537825 496 106 55
1734687005.548030 496 106 75
1734687005.557803 496 112 67
1734687005.568178 497 106 65
1734687005.578017 504 109 65
1734687005.588222 494 109 58
1734687005.598062 486 110 71
1734687005.608023 486 114 66
1734687005.617830 498 113 64
1734687005.629689 493 109 64
1734687005.638439 494 109 64
1734687005.648411 490 111 70
1734687005.657758 490 111 67
1734687005.668880 492 103 67
1734687005.679586 497 103 61
1734687005.688014 497 103 66
1734687005.698363 497 115 64
1734687005.711925 486 104 64
1734687005.718803 486 100 64
1734687005.729694 488 113 67
1734687005.738930 506 113 86
1734687005.749686 490 111 60
1734687005.758199 490 112 68
1734687005.767905 498 113 68
1734687005.777986 501 113 72
1734687005.787956 489 114 64
1734687005.798090 489 104 68
1734687005.809233 497 103 68
1734687005.818076 492 111 64
1734687005.835417 493 111 68
1734687005.838797 493 106 70
1734687005.847892 495 104 69
1734687005.859687 504 106 69
1734687005.869291 506 115 56
1734687005.877960 492 115 76
1734687005.887979 492 108 70
1734687005.898329 495 112 75
1734687005.907898 495 112 75
1734687005.921666 485 112 69
1734687005.928745 493 110 69
1734687005.937890 493 106 69
1734687005.949742 499 103 69
1734687005.957798 496 101 69
1734687005.969511 507 101 74
1734687005.978808 486 116 61
1734687005.988579 486 92 71
1734687005.998116 489 109 71
1734687006.008180 499 109 75
1734687006.021776 501 119 77
1734687006.028493 501 119 67
1734687006.039275 497 114 62
1734687006.048247 487 103 62
1734687006.057773 490 103 66
1734687006.068019 494 115 71
1734687006.078200 494 110 70
1734687006.088273 505 113 70
1734687006.099676 495 105 65
1734687006.112774 492 112 59
1734687006.118014 492 112 78
1734687006.128621 495 117 70
1734687006.141665 505 113 65
1734687006.148215 483 113 65
1734687006.159072 497 119 72
1734687006.179719 495 110 72
1734687006.180998 495 114 65
1734687006.191157 499 113 65
1734687006.200338 489 109 64
1734687006.213772 493 120 72
1734687006.218505 493 120 74
1734687006.228916 498 110 74
1734687006.239483 505 107 79
1734687006.249038 497 107 74
1734687006.259187 497 104 66
1734687006.267981 502 113 66
1734687006.277934 500 117 66
1734687006.288846 490 114 69
1734687006.298091 495 114 76
1734687006.315710 497 110 68
1734687006.317951 497 110 68
1734687006.327931 483 104 68
1734687006.337979 497 104 70
1734687006.347914 492 102 64
1734687006.358302 492 106 76
1734687006.367948 493 107 76
1734687006.378358 485 107 73
1734687006.388727 499 107 60
1734687006.397925 499 105 76
1734687006.408006 507 108 65
1734687006.418472 500 112 65
1734687006.427911 494 112 66
1734687006.437907 499 108 69
1734687006.448831 499 111 74
1734687006.458063 501 111 74
1734687006.467827 499 106 71
1734687006.477917 487 106 72
1734687006.488013 487 124 69
1734687006.497820 488 111 68
1734687006.508195 489 105 68
1734687006.517816 486 117 67
1734687006.528219 494 117 73
1734687006.537808 494 105 69
1734687006.548164 495 115 69
1734687006.559012 490 110 69
1734687006.568115 491 110 77
1734687006.580657 497 118 71
1734687006.588147 497 120 61
1734687006.599076 501 105 66
1734687006.607985 477 117 66
1734687006.618024 481 117 70
1734687006.628172 489 113 70
1734687006.638124 489 105 63
1734687006.647875 494 117 63
1734687006.658621 492 121 67
1734687006.668480 496 121 77
1734687006.678021 496 114 69
1734687006.688000 502 119 68
1734687006.698075 499 113 68
1734687006.708227 492 113 64
1734687006.717823 500 123 65
1734687006.729631 500 125 72
1734687006.737933 498 121 72
1734687006.749559 493 125 65
1734687006.758388 495 125 70
1734687006.768243 495 123 65
1734687006.777884 501 123 72
1734687006.788388 499 120 72
1734687006.797913 487 122 62
1734687006.808141 498 122 61
1734687006.817877 498 133 83
1734687006.828126 494 140 69
1734687006.838253 490 135 69
1734687006.847832 487 135 74
1734687006.858964 483 139 75
1734687006.867876 483 136 70
1734687006.877889 494 124 70
1734687006.887957 506 131 73
1734687006.899268 486 131 69
1734687006.908101 486 138 68
1734687006.918842 485 136 68
1734687006.928722 492 134 68
1734687006.938289 504 142 69
1734687006.947931 495 142 67
1734687006.958972 495 151 61
1734687006.968134 486 143 78
1734687006.978930 494 144 78
1734687006.988002 494 144 71
1734687006.999482 493 151 63
1734687007.008218 493 151 70
1734687007.020149 485 152 73
1734687007.033184 497 147 73
1734687007.039247 485 147 68
1734687007.047993 485 152 66
1734687007.059180 484 161 65
1734687007.068685 492 159 65
1734687007.079766 479 148 68
1734687007.087963 487 148 65
1734687007.097948 487 155 68
1734687007.108185 485 160 68
1734687007.118356 486 163 68
1734687007.130796 487 165 81
1734687007.138397 486 165 80
1734687007.148021 486 156 70
1734687007.158003 478 163 70
1734687007.167839 480 177 67
1734687007.179352 490 177 77
1734687007.189378 490 160 63
1734687007.197816 483 173 71
1734687007.208255 477 178 71
1734687007.217863 482 176 72
1734687007.230030 481 176 69
1734687007.237843 481 179 68
1734687007.248209 475 166 67
1734687007.258189 483 174 67
1734687007.268024 484 174 63
1734687007.278592 479 177 65
1734687007.287808 479 174 66
1734687007.297804 483 178 66
1734687007.308029 482 190 70
1734687007.318421 477 190 74
1734687007.329439 469 189 71
1734687007.337928 469 188 74
1734687007.347831 480 191 74
1734687007.360302 478 188 64
1734687007.369753 471 188 73
1734687007.377992 471 192 70
1734687007.388422 461 193 64
1734687007.397840 473 186 64
1734687007.408338 477 186 68
1734687007.417818 465 192 72
1734687007.428555 465 200 70
1734687007.438175 466 203 70
1734687007.447948 475 196 65
1734687007.457891 463 196 71
1734687007.468076 463 208 69
1734687007.478193 464 203 72
1734687007.487917 471 199 72
1734687007.498453 473 196 67
1734687007.509099 485 196 70
1734687007.517820 485 205 63
1734687007.527893 465 211 61
1734687007.537821 464 216 61
1734687007.549205 471 216 69
1734687007.558042 461 198 69
1734687007.568380 461 206 73
1734687007.578931 468 207 61
1734687007.588042 464 207 61
1734687007.597887 461 207 68
1734687007.608310 461 208 77
1734687007.617904 464 208 63
1734687007.630016 458 203 66
1734687007.638084 462 221 66
1734687007.647979 460 221 73
1734687007.659648 460 217 61
1734687007.668041 462 216 73
1734687007.678468 452 224 73
1734687007.688414 453 224 70
1734687007.697821 451 216 84
1734687007.707758 451 223 68
1734687007.717956 455 220 68
1734687007.728237 458 219 81
1734687007.737972 453 219 71
1734687007.747886 453 228 65
1734687007.758809 449 228 74
1734687007.768933 456 224 74
1734687007.778346 454 234 72
1734687007.787994 453 234 76
1734687007.797828 453 240 76
1734687007.809380 447 231 71
1734687007.817822 448 235 71
1734687007.828431 445 235 71
1734687007.837884 447 225 69
1734687007.847932 447 232 72
1734687007.859105 439 242 72
1734687007.867830 440 237 66
1734687007.878136 437 237 70
1734687007.887827 437 237 66
1734687007.898121 428 245 76
1734687007.908108 433 236 76
1734687007.917836 431 245 66
1734687007.928491 439 245 72
1734687007.938702 439 252 73
1734687007.948456 427 240 65
1734687007.958311 429 244 65
1734687007.969761 439 245 73
1734687007.978625 429 245 69
1734687007.987889 429 244 72
1734687007.998020 434 247 72
1734687008.010166 433 254 73
1734687008.017981 428 254 71
1734687008.029516 432 257 68
1734687008.038836 432 254 77
1734687008.047932 415 252 77
1734687008.057741 421 263 65
1734687008.067892 429 263 71
1734687008.078912 429 256 68
1734687008.087842 434 253 73
1734687008.098009 431 253 73
1734687008.107929 424 253 73
1734687008.117815 427 257 68
1734687008.128412 427 264 72
1734687008.137922 412 267 72
1734687008.147898 417 271 75
1734687008.158084 425 271 66
1734687008.167987 425 260 71
1734687008.177884 421 256 70
1734687008.187992 405 262 70
1734687008.197946 413 269 62
1734687008.208768 412 269 59
1734687008.218157 412 266 68
1734687008.228178 409 278 60
1734687008.237885 409 269 60
1734687008.247886 415 269 72
1734687008.257860 411 265 73
1734687008.267872 411 278 57
1734687008.279647 412 268 61
1734687008.287873 396 277 61
1734687008.297831 403 277 69
1734687008.310642 403 280 62
1734687008.318077 403 270 73
1734687008.328133 409 272 73
1734687008.337864 390 283 61
1734687008.348582 394 283 77
1734687008.359015 394 282 75
1734687008.367948 395 278 66
1734687008.378404 391 273 66
1734687008.387867 389 273 69
1734687008.398015 395 286 68
1734687008.407918 395 288 70
1734687008.418089 387 268 70
1734687008.428496 379 272 70
1734687008.437974 383 272 73
1734687008.453000 381 286 75
1734687008.457815 381 286 70
1734687008.467965 386 284 70
1734687008.478799 379 289 62
1734687008.487912 380 289 71
1734687008.497887 380 283 70
1734687008.507992 387 290 66
1734687008.517842 383 286 66
1734687008.527954 379 286 76
1734687008.537820 354 283 75
1734687008.548146 354 284 70
1734687008.557971 374 292 70
1734687008.570677 376 296 68
1734687008.577889 362 296 72
1734687008.587791 362 295 68
1734687008.597997 369 293 73
1734687008.607771 359 293 73
1734687008.619519 361 282 66
1734687008.628355 370 282 74
1734687008.638253 370 294 65
1734687008.648054 372 295 69
1734687008.657742 366 283 69
1734687008.667768 371 283 68
1734687008.677891 353 300 81
1734687008.687955 353 296 66
1734687008.697823 362 294 66
1734687008.708240 352 299 64
1734687008.717900 349 299 70
1734687008.727933 349 300 69
1734687008.737875 359 290 70
1734687008.747896 350 294 70
1734687008.758154 352 309 68
1734687008.768270 351 309 67
1734687008.778364 351 297 68
1734687008.787954 360 299 72
1734687008.797948 339 299 72
1734687008.808049 348 299 71
1734687008.817879 340 300 63
1734687008.836664 339 307 64
1734687008.838094 339 307 64
1734687008.848043 340 294 69
1734687008.860135 339 301 65
1734687008.868583 336 301 74
1734687008.877918 336 301 77
1734687008.887889 333 308 77
1734687008.898211 328 308 66
1734687008.908131 329 308 60
1734687008.917878 329 313 72
1734687008.928590 342 305 68
1734687008.939446 339 310 68
1734687008.948691 331 310 76
1734687008.959313 325 310 72
1734687008.968023 325 308 74
1734687008.977975 333 312 74
1734687008.987814 327 312 68
1734687008.997816 319 312 69
1734687009.008622 322 307 66
1734687009.017933 322 306 66
1734687009.028573 320 299 66
1734687009.038116 316 304 66
1734687009.048016 310 304 79
1734687009.058022 310 314 71
1734687009.068249 303 309 71
1734687009.077944 304 306 71
1734687009.088004 311 306 62
1734687009.097822 323 310 69
1734687009.107810 323 312 66
1734687009.117822 298 314 66
1734687009.130556 304 305 71
1734687009.137807 304 305 71
1734687009.148192 304 315 74
1734687009.158286 301 305 65
1734687009.167850 302 302 65
1734687009.178215 296 312 69
1734687009.188712 301 312 66
1734687009.197824 301 314 68
1734687009.207942 295 311 72
1734687009.217938 293 319 72
1734687009.230496 306 319 61
1734687009.238269 290 315 73
1734687009.248179 290 315 72
1734687009.257892 287 312 72
1734687009.268070 286 311 65
1734687009.279050 284 311 72
1734687009.287973 284 309 67
1734687009.297825 288 308 70
1734687009.308791 278 313 70
1734687009.318744 283 303 69
1734687009.328063 282 303 69
1734687009.337820 282 312 68
1734687009.348513 287 320 66
1734687009.359646 282 315 66
1734687009.368018 280 315 67
1734687009.378785 275 310 63
1734687009.388041 275 314 64
1734687009.397874 276 307 64
1734687009.407813 280 324 73
1734687009.417880 274 324 69
1734687009.428627 268 315 76
1734687009.437821 268 308 73
1734687009.448677 263 317 73
1734687009.460633 267 310 74
1734687009.467832 260 310 69
1734687009.478095 260 314 69
1734687009.487905 273 316 70
1734687009.498381 256 310 70
1734687009.508055 254 310 66
1734687009.517814 262 308 74
1734687009.528755 262 316 74
1734687009.537839 259 317 74
1734687009.548179 257 308 67
1734687009.557889 262 308 60
1734687009.568008 262 304 72
1734687009.578489 248 313 79
1734687009.587844 250 314 79
1734687009.598235 251 317 73
1734687009.607966 248 317 72
1734687009.617835 248 319 75
1734687009.628346 243 309 69
1734687009.639249 239 322 69
1734687009.649385 249 322 64
1734687009.657905 238 310 74
1734687009.671184 238 312 70
1734687009.677996 235 306 70
1734687009.689830 236 314 61
1734687009.698676 231 314 75
1734687009.708280 233 313 73
1734687009.718245 233 320 66
1734687009.729470 229 314 71
1734687009.741783 224 314 71
1734687009.748274 229 314 75
1734687009.759605 226 313 69
1734687009.770226 226 308 62
1734687009.779096 225 322 62
1734687009.791364 227 303 63
1734687009.797959 226 303 80
1734687009.810256 226 315 66
1734687009.822076 223 310 67
1734687009.829256 222 308 67
1734687009.837811 219 308 68
1734687009.847933 219 300 73
1734687009.858663 218 312 61
1734687009.869657 216 312 61
1734687009.878740 214 296 63
1734687009.887938 219 296 66
1734687009.897818 219 298 69
1734687009.907947 222 307 72
1734687009.917916 213 298 72
1734687009.928811 213 298 61
1734687009.938477 206 304 69
1734687009.947945 206 304 73
1734687009.957906 202 302 73
1734687009.968661 203 312 63
1734687009.977902 204 312 73
1734687009.987904 204 311 66
1734687009.998046 198 296 73
1734687010.007924 185 299 73
1734687010.018176 201 298 71
1734687010.027928 186 298 60
1734687010.038554 186 312 63
1734687010.048162 192 301 72
1734687010.058203 194 305 72
1734687010.070076 185 305 69
1734687010.077994 196 293 64
1734687010.089608 196 299 71
1734687010.098348 183 292 71
1734687010.107811 187 298 73
1734687010.118050 185 298 74
1734687010.128219 185 296 67
1734687010.138383 182 301 68
1734687010.147985 177 295 68
1734687010.158900 186 293 65
1734687010.168221 180 293 67
1734687010.178575 180 285 70
1734687010.190392 180 304 68
1734687010.197820 183 295 68
1734687010.208112 181 295 57
1734687010.217846 171 294 69
1734687010.227930 171 284 69
1734687010.237893 179 291 69
1734687010.248162 177 282 68
1734687010.258187 161 282 67
1734687010.268316 161 297 77
1734687010.278183 166 289 66
1734687010.289001 162 290 66
1734687010.297862 167 290 76
1734687010.308221 165 287 63
1734687010.317812 165 279 72
1734687010.328767 170 283 69
1734687010.337822 159 283 69
1734687010.348137 157 283 57
1734687010.359255 153 298 64
1734687010.367791 153 289 64
1734687010.377928 162 275 64
1734687010.388093 166 279 66
1734687010.398219 148 279 69
1734687010.409376 158 284 65
1734687010.417845 158 277 77
1734687010.431002 157 281 77
1734687010.438372 158 281 73
1734687010.448449 151 281 74
1734687010.462234 149 276 64
1734687010.467833 149 280 73
1734687010.478711 144 280 73
1734687010.489489 143 280 73
1734687010.497820 140 276 68
1734687010.508928 140 286 73
1734687010.517832 144 274 73
1734687010.531232 148 269 70
1734687010.538404 139 269 68
1734687010.547962 139 276 65
1734687010.557939 131 276 68
1734687010.568400 135 273 68
1734687010.578026 132 273 67
1734687010.588644 134 271 78
1734687010.600171 139 278 62
1734687010.611584 139 268 71
1734687010.618585 137 268 71
1734687010.628680 128 268 73
1734687010.639622 128 269 72
1734687010.648814 128 272 65
1734687010.659667 130 275 73
1734687010.668018 124 276 73
1734687010.678010 130 276 68
1734687010.687886 130 268 71
1734687010.697908 119 258 67
1734687010.708725 127 258 67
1734687010.718337 115 255 62
1734687010.727947 122 255 66
1734687010.739897 126 265 76
1734687010.749134 126 263 68
1734687010.757822 123 258 68
1734687010.768003 120 258 76
1734687010.778335 119 257 67
1734687010.788722 119 264 65
1734687010.797899 121 264 65
1734687010.807961 116 261 77
1734687010.819562 116 261 63
1734687010.827883 116 250 63
1734687010.837826 115 259 71
1734687010.849464 118 248 71
1734687010.857895 114 248 63
1734687010.869036 110 249 63
1734687010.877951 110 258 69
1734687010.887832 103 257 63
1734687010.898146 107 253 63
1734687010.907857 107 253 69
1734687010.918927 103 247 67
1734687010.928118 103 256 60
1734687010.939021 105 251 64
1734687010.948361 106 253 64
1734687010.957982 110 253 66
1734687010.968322 110 243 67
1734687010.977971 97 244 69
1734687010.987957 102 256 69
1734687010.997929 100 256 58
1734687011.008061 92 252 73
1734687011.017952 92 231 69
1734687011.031304 95 240 70
1734687011.038779 97 235 70
1734687011.049819 107 240 70
1734687011.058197 111 240 59
1734687011.067901 111 242 63
1734687011.078032 96 245 63
1734687011.088618 88 242 71
1734687011.097938 94 242 64
1734687011.108639 94 243 70
1734687011.118121 102 222 65
1734687011.128756 87 236 65
1734687011.138242 93 228 63
1734687011.148169 96 228 72
1734687011.159271 96 231 67
1734687011.169013 94 240 67
1734687011.180231 90 235 67
1734687011.189181 89 235 69
1734687011.198209 90 230 59
1734687011.207866 90 227 67
1734687011.218789 85 220 66
1734687011.227927 87 227 66
1734687011.237952 91 227 66
1734687011.248395 91 230 63
1734687011.257742 67 225 69
1734687011.268702 77 221 69
1734687011.278746 83 224 70
1734687011.287869 82 224 69
1734687011.298271 82 230 69
1734687011.308352 77 224 58
1734687011.318066 74 224 58
1734687011.328296 79 224 67
1734687011.339163 74 222 67
1734687011.347869 74 213 67
1734687011.358079 77 211 67
1734687011.367937 75 219 72
1734687011.378928 75 219 65
1734687011.388337 75 208 69
1734687011.397808 75 210 65
1734687011.408703 73 204 65
1734687011.417814 66 204 67
1734687011.429930 67 209 62
1734687011.438116 67 203 58
1734687011.451631 73 208 61
1734687011.458570 72 207 61
1734687011.469053 67 197 67
1734687011.483986 83 197 72
1734687011.488097 83 217 64
1734687011.498608 65 192 64
1734687011.508493 64 203 72
1734687011.518202 62 203 75
1734687011.530286 71 199 62
1734687011.538774 71 202 74
1734687011.548285 67 189 74
1734687011.559780 68 192 60
1734687011.571644 58 192 66
1734687011.579803 61 191 63
1734687011.588066 61 189 56
1734687011.597914 56 194 56
1734687011.608358 66 194 62
1734687011.619340 65 190 64
1734687011.628477 65 193 66
1734687011.638631 68 199 66
1734687011.647892 64 179 66
1734687011.659118 60 179 56
1734687011.668091 60 186 59
1734687011.678486 62 191 74
1734687011.688383 67 184 74
1734687011.698191 64 177 67
1734687011.707783 58 177 66
1734687011.717858 58 187 58
1734687011.728181 61 174 72
1734687011.738106 63 186 72
1734687011.747884 59 186 54
1734687011.759112 52 171 68
1734687011.767903 52 187 57
1734687011.778165 48 179 57
1734687011.787925 55 175 69
1734687011.798016 60 175 66
1734687011.808058 60 172 66
1734687011.817943 53 164 62
1734687011.832510 60 177 71
1734687011.838045 54 166 71
1734687011.848090 52 166 62
1734687011.858244 52 165 64
1734687011.868067 51 164 63
1734687011.879210 57 163 63
1734687011.888370 47 163 67
1734687011.898982 51 159 60
1734687011.908013 51 157 61
1734687011.918272 40 157 61
1734687011.928454 43 151 63
1734687011.938035 41 151 70
1734687011.947837 41 157 68
1734687011.958455 58 153 59
1734687011.967945 39 150 59
1734687011.979743 41 150 65
1734687011.987940 46 150 64
1734687011.998324 46 159 52
1734687012.008273 45 149 62
1734687012.019087 41 162 62
1734687012.028971 58 162 61
1734687012.038159 47 137 63
1734687012.047917 47 141 63
1734687012.058570 49 141 64
1734687012.068382 35 138 64
1734687012.077999 36 138 68
1734687012.088515 44 131 67
1734687012.097878 44 141 55
1734687012.108737 42 134 55
1734687012.117884 39 134 65
1734687012.128070 42 134 65
1734687012.139568 43 140 55
1734687012.148455 43 133 62
1734687012.157779 45 139 62
1734687012.168464 39 139 60
1734687012.177912 38 137 66
1734687012.188400 38 138 56
1734687012.197869 47 122 56
1734687012.208121 44 123 62
1734687012.217986 35 123 62
1734687012.228743 46 125 72
1734687012.237820 46 127 62
1734687012.248089 32 134 62
1734687012.258296 39 134 69
1734687012.267830 41 125 73
1734687012.278515 41 123 62
1734687012.287830 35 110 60
1734687012.297805 36 113 60
1734687012.307766 43 113 62
1734687012.317810 46 117 67
1734687012.327890 46 115 59
1734687012.337826 37 112 59
1734687012.348015 34 110 64
1734687012.357841 41 110 60
1734687012.368367 41 113 58
1734687012.378848 41 112 62
1734687012.387980 27 103 62
1734687012.399473 37 112 59
1734687012.408157 31 112 57
1734687012.418830 31 105 59
1734687012.427928 33 106 69
1734687012.438828 39 102 69
1734687012.448474 31 102 61
1734687012.458100 37 91 69
1734687012.468145 37 108 66
1734687012.481109 34 95 71
1734687012.488602 37 95 71
1734687012.498003 43 95 61
1734687012.507803 43 97 65
1734687012.521910 35 86 69
1734687012.528750 35 88 69
1734687012.537884 40 88 68
1734687012.549259 31 89 58
1734687012.558263 31 83 55
1734687012.568291 32 86 59
1734687012.578637 32 79 59
1734687012.588321 31 79 58
1734687012.598447 41 93 66
1734687012.607981 41 83 60
1734687012.623712 30 81 57
1734687012.628189 30 78 57
1734687012.639040 33 78 61
1734687012.648386 33 69 60
1734687012.658734 33 84 68
1734687012.668270 33 63 68
1734687012.679724 21 74 56
1734687012.688920 39 74 60
1734687012.700188 28 70 59
1734687012.712211 31 75 57
1734687012.719045 31 76 57
1734687012.732856 34 68 62
1734687012.744608 30 68 46
1734687012.749871 30 60 65
1734687012.761647 37 70 68
1734687012.768418 33 68 68
1734687012.784676 43 57 64
1734687012.789094 40 57 64
1734687012.799108 40 54 52
1734687012.811443 47 59 59
1734687012.817804 31 59 59
1734687012.828035 30 61 67
1734687012.838314 30 41 61
1734687012.848388 34 57 62
1734687012.858290 32 56 62
1734687012.868263 32 56 62
1734687012.878621 37 53 55
1734687012.887953 37 58 58
1734687012.898237 36 41 58
1734687012.910117 38 48 60
1734687012.918497 38 48 64
1734687012.932955 38 51 65
1734687012.940945 38 53 55
1734687012.950465 39 42 55
1734687012.958973 34 36 61
1734687012.968456 33 36 61
1734687012.979638 42 36 58
1734687012.988066 42 32 62
1734687012.997946 28 35 62
1734687013.012233 33 44 55
1734687013.018710 36 44 60
1734687013.029188 36 29 56
1734687013.038275 36 24 56
1734687013.048400 30 28 59
1734687013.057935 33 28 68
1734687013.067852 33 31 59
1734687013.079565 53 21 64
1734687013.087977 41 29 64
1734687013.097859 43 29 61
1734687013.108221 43 30 57
1734687013.119738 43 24 63
1734687013.128097 44 29 62
1734687013.138152 45 19 62
1734687013.148653 46 19 58
1734687013.159023 45 14 53
1734687013.167947 45 8 59
1734687013.180091 36 14 57
1734687013.188328 46 23 57
1734687013.198401 47 23 55
1734687013.208131 47 10 65
1734687013.220474 46 9 59
1734687013.233000 48 23 58
1734687013.238105 27 23 58
1734687013.248134 45 10 63
1734687013.258762 45 10 54
1734687013.269602 35 2 50
1734687013.278834 40 6 50
1734687013.288152 51 6 61
1734687013.297967 43 1 64
1734687013.307851 43 3 64
1734687013.318148 48 9 64
1734687013.327925 48 -5 50
1734687013.338643 48 -5 54
1734687013.348270 48 -4 60
1734687013.359245 50 -2 66
1734687013.372266 46 -9 66
1734687013.378741 45 -8 64
1734687013.387902 52 -8 51
1734687013.397967 52 -15 59
1734687013.408520 56 -16 61
1734687013.418264 52 -8 61
1734687013.434063 52 -11 57
1734687013.440164 47 -11 54
1734687013.447941 47 -18 64
1734687013.457942 59 -13 64
1734687013.468166 56 -18 61
1734687013.480044 58 -15 53
1734687013.488213 58 -15 55
1734687013.498077 62 -21 60
1734687013.507756 49 -17 60
1734687013.518435 54 -17 52
1734687013.527926 60 -13 56
1734687013.538296 60 -17 57
1734687013.548826 62 -28 57
1734687013.557820 62 -36 57
1734687013.568007 53 -36 56
1734687013.578440 62 -25 60
1734687013.587906 62 -32 59
1734687013.598298 60 -22 59
1734687013.608361 44 -42 57
1734687013.617947 52 -42 57
1734687013.630655 52 -26 62
1734687013.637933 61 -35 50
1734687013.649860 56 -32 50
1734687013.658266 62 -32 57
1734687013.668154 64 -39 58
1734687013.678009 64 -29 65
1734687013.688903 73 -42 65
1734687013.697833 62 -49 52
1734687013.707765 63 -49 51
1734687013.717814 63 -33 66
1734687013.730689 63 -46 53
1734687013.738558 58 -49 53
1734687013.748614 74 -39 58
1734687013.758130 60 -39 54
1734687013.768336 60 -38 59
1734687013.778919 70 -43 50
1734687013.788521 68 -56 50
1734687013.797825 70 -56 64
1734687013.807891 77 -60 60
1734687013.817886 77 -60 51
1734687013.827885 73 -54 51
1734687013.838976 71 -61 55
1734687013.847891 70 -61 61
1734687013.858232 70 -56 55
1734687013.868359 83 -61 57
1734687013.877910 74 -56 57
1734687013.888667 71 -67 70
1734687013.897828 78 -67 56
1734687013.907898 78 -48 55
1734687013.917822 85 -54 52
1734687013.928925 72 -61 52
1734687013.938044 82 -61 54
1734687013.948040 71 -58 60
1734687013.958038 71 -69 61
1734687013.968109 81 -71 61
1734687013.979172 75 -63 68
1734687013.987815 70 -63 54
1734687013.997811 70 -64 51
1734687014.009078 92 -64 54
1734687014.017843 82 -77 54
1734687014.028126 83 -73 61
1734687014.037884 84 -73 58
1734687014.047903 84 -69 56
1734687014.058196 95 -69 56
1734687014.068393 83 -67 56
1734687014.077864 85 -67 62
1734687014.087954 81 -75 55
1734687014.097815 81 -75 69
1734687014.107785 82 -80 69
1734687014.117809 93 -82 55
1734687014.127889 99 -82 59
1734687014.138628 99 -79 60
1734687014.148205 95 -71 60
1734687014.157797 84 -81 60
1734687014.167981 93 -79 52
1734687014.178927 93 -79 68
1734687014.187807 93 -72 66
1734687014.198396 98 -81 56
1734687014.208081 101 -85 56
1734687014.218749 101 -85 57
1734687014.230632 95 -93 61
1734687014.238044 95 -89 55
1734687014.248322 102 -86 55
1734687014.257888 106 -79 53
1734687014.268574 111 -79 59
1734687014.279124 110 -87 64
1734687014.288316 110 -100 63
1734687014.297910 106 -98 63
1734687014.308154 104 -97 68
1734687014.318204 111 -97 48
1734687014.328226 111 -95 59
1734687014.337990 107 -89 60
1734687014.348212 113 -91 60
1734687014.358224 109 -91 59
1734687014.367871 111 -94 64
1734687014.378720 111 -96 49
1734687014.387871 109 -95 49
1734687014.397820 107 -100 54
1734687014.410349 104 -100 52
1734687014.417873 104 -102 58
1734687014.428189 115 -98 58
1734687014.438203 118 -103 58
1734687014.448276 116 -97 58
1734687014.458788 112 -97 61
1734687014.469205 112 -100 62
1734687014.478379 115 -106 63
1734687014.490258 108 -108 63
1734687014.498003 115 -108 58
1734687014.509975 127 -108 50
1734687014.517831 127 -92 63
1734687014.527926 111 -99 63
1734687014.537808 130 -102 54
1734687014.548904 120 -102 61
1734687014.558217 120 -98 56
1734687014.568200 114 -105 57
1734687014.578734 132 -109 57
1734687014.587953 124 -111 59
1734687014.598097 136 -111 60
1734687014.607913 136 -116 59
1734687014.618717 129 -109 60
1734687014.629415 129 -112 60
1734687014.638077 135 -112 66
1734687014.649425 128 -107 48
1734687014.657804 128 -110 62
1734687014.669143 128 -106 60
1734687014.679485 142 -107 60
1734687014.688028 138 -107 52
1734687014.698517 130 -116 57
1734687014.708137 130 -118 62
1734687014.718096 133 -119 62
1734687014.728122 144 -122 55
1734687014.738062 141 -122 60
1734687014.748564 141 -127 59
1734687014.758323 146 -127 68
1734687014.768021 137 -121 68
1734687014.777901 135 -121 59
1734687014.789075 147 -114 56
1734687014.798084 147 -115 60
1734687014.808152 140 -123 60
1734687014.817837 153 -116 59
1734687014.828635 149 -116 56
1734687014.837852 149 -118 62
1734687014.847905 148 -129 74
1734687014.858655 146 -129 74
1734687014.867867 156 -123 60
1734687014.878328 145 -123 52
1734687014.887828 145 -130 53
1734687014.897872 153 -133 64
1734687014.911458 156 -118 64
1734687014.917828 160 -118 66
1734687014.927928 149 -129 59
1734687014.938680 149 -133 63
1734687014.947996 149 -136 63
1734687014.958349 157 -120 67
1734687014.969354 156 -120 61
1734687014.977996 156 -128 63
1734687014.987747 156 -132 56
1734687014.998347 165 -133 56
1734687015.009500 161 -127 55
1734687015.017874 165 -127 67
1734687015.027982 165 -123 60
1734687015.038325 171 -131 63
1734687015.047807 176 -136 63
1734687015.059026 172 -128 49
1734687015.067829 169 -128 50
1734687015.078085 169 -143 63
1734687015.088218 168 -144 63
1734687015.097936 175 -142 66
1734687015.113483 177 -131 66
1734687015.118509 174 -131 57
1734687015.127954 174 -129 64
1734687015.137893 171 -137 64
1734687015.148501 182 -134 66
1734687015.157816 186 -134 63
1734687015.168687 186 -141 68
1734687015.178077 179 -138 58
1734687015.188612 174 -131 58
1734687015.197988 192 -131 58
1734687015.210098 184 -139 63
1734687015.218521 184 -142 61
1734687015.228050 189 -144 61
1734687015.240154 189 -142 63
1734687015.248086 189 -142 66
1734687015.257781 189 -138 63
1734687015.267872 189 -144 56
1734687015.278790 200 -138 56
1734687015.288373 198 -141 57
1734687015.297867 200 -141 71
1734687015.307884 200 -146 66
1734687015.319136 194 -143 72
1734687015.327973 201 -145 72
1734687015.337898 200 -145 60
1734687015.347853 197 -141 65
1734687015.358302 197 -146 66
1734687015.367864 213 -150 66
1734687015.378660 208 -150 65
1734687015.387881 209 -150 57
1734687015.397930 209 -144 65
1734687015.407942 205 -136 52
1734687015.418080 204 -146 52
1734687015.428348 211 -149 67
1734687015.438981 210 -149 63
1734687015.447983 210 -147 64
1734687015.457917 207 -137 65
1734687015.467958 217 -152 65
1734687015.478019 216 -152 58
1734687015.487954 208 -145 61
1734687015.498595 208 -139 58
1734687015.508312 217 -148 58
1734687015.519459 209 -148 64
1734687015.528169 222 -148 65
1734687015.538484 222 -149 58
1734687015.548446 222 -149 59
1734687015.558334 220 -150 59
1734687015.567901 224 -157 65
1734687015.578143 229 -157 62
1734687015.587811 229 -150 61
1734687015.598110 226 -153 59
1734687015.607903 228 -145 59
1734687015.618049 228 -145 62
1734687015.631077 230 -152 66
1734687015.638568 230 -141 68
1734687015.647998 230 -153 68
1734687015.660212 231 -144 68
1734687015.667923 235 -144 59
1734687015.677881 235 -136 52
1734687015.688173 249 -160 60
1734687015.697803 234 -149 60
1734687015.707737 241 -149 63
1734687015.718321 245 -152 61
1734687015.732769 244 -149 64
1734687015.738067 244 -149 55
1734687015.748108 248 -147 55
1734687015.758096 243 -147 66
1734687015.768011 247 -156 67
1734687015.777899 247 -149 64
1734687015.787828 244 -141 64
1734687015.797792 256 -146 60
1734687015.808369 250 -146 64
1734687015.817901 250 -150 67
1734687015.829694 253 -153 60
1734687015.838209 259 -153 60
1734687015.848436 255 -153 68
1734687015.857968 263 -153 71
1734687015.868167 263 -150 61
1734687015.879243 260 -150 60
1734687015.887884 259 -154 60
1734687015.898205 266 -154 60
1734687015.909796 263 -153 70
1734687015.918235 263 -148 68
1734687015.928214 270 -160 68
1734687015.937970 263 -158 69
1734687015.950591 262 -158 61
1734687015.958947 266 -158 68
1734687015.967881 266 -158 65
1734687015.978295 268 -152 65
1734687015.988122 270 -151 72
1734687015.998887 272 -151 67
1734687016.009223 272 -149 65
1734687016.017919 281 -146 71
1734687016.030227 267 -150 71
1734687016.037995 281 -150 70
1734687016.049335 281 -158 56
1734687016.058763 281 -151 67
1734687016.068930 273 -161 67
1734687016.078168 283 -148 66
1734687016.088147 284 -148 60
1734687016.098219 283 -160 61
1734687016.107998 283 -153 66
1734687016.120412 298 -157 66
1734687016.128966 292 -156 70
1734687016.138771 286 -156 61
1734687016.152592 283 -150 63
1734687016.158106 283 -145 62
1734687016.169151 292 -139 62
1734687016.180812 296 -157 65
1734687016.187810 297 -157 69
1734687016.197941 297 -154 57
1734687016.208774 297 -156 57
1734687016.217910 299 -147 75
1734687016.228005 304 -147 64
1734687016.237973 304 -160 64
1734687016.247858 299 -155 68
1734687016.258700 303 -159 68
1734687016.268756 310 -149 61
1734687016.279112 291 -149 56
1734687016.288509 291 -149 65
1734687016.297843 295 -150 62
1734687016.307756 305 -144 62
1734687016.317827 311 -144 66
1734687016.328508 311 -152 65
1734687016.337943 311 -160 65
1734687016.347856 306 -147 65
1734687016.358068 313 -147 70
1734687016.367918 311 -147 59
1734687016.379105 318 -149 66
1734687016.388147 318 -143 59
1734687016.398371 324 -156 59
1734687016.407780 319 -156 73
1734687016.418836 316 -150 65
1734687016.427979 316 -139 66
1734687016.437814 320 -143 66
1734687016.448922 335 -142 66
1734687016.459241 332 -142 62
1734687016.467952 323 -150 70
1734687016.479026 323 -141 67
1734687016.487952 326 -147 67
1734687016.498600 329 -151 65
1734687016.507789 338 -151 70
1734687016.518042 338 -143 64
1734687016.528470 339 -157 66
1734687016.537849 329 -141 66
1734687016.547945 339 -141 78
1734687016.558098 335 -143 58
1734687016.568867 335 -137 59
1734687016.577889 339 -141 68
1734687016.588290 335 -140 68
1734687016.597888 353 -140 68
1734687016.607753 341 -148 65
1734687016.618350 341 -136 72
1734687016.629192 353 -141 72
1734687016.638617 353 -140 68
1734687016.648299 348 -140 69
1734687016.657790 348 -142 71
1734687016.668631 348 -140 65
1734687016.677918 354 -131 65
1734687016.688344 351 -133 67
1734687016.698225 351 -133 71
1734687016.708112 351 -138 58
1734687016.719013 356 -134 58
1734687016.729113 357 -138 58
1734687016.738112 365 -138 73
1734687016.748646 353 -133 68
1734687016.758365 353 -144 67
1734687016.769729 366 -139 63
1734687016.778359 373 -136 63
1734687016.787905 359 -136 73
1734687016.797825 359 -134 81
1734687016.807883 362 -135 68
1734687016.817801 362 -129 68
1734687016.827974 371 -129 65
1734687016.838019 371 -129 77
1734687016.847934 371 -133 69
1734687016.858718 371 -133 72
1734687016.868428 378 -133 72
1734687016.879228 372 -133 71
1734687016.888154 369 -128 71
1734687016.897902 369 -122 68
1734687016.907818 362 -138 68
1734687016.918018 374 -121 67
1734687016.928396 387 -121 74
1734687016.937819 387 -122 66
1734687016.947937 385 -131 66
1734687016.958395 386 -128 66
1734687016.968041 376 -128 70
1734687016.980961 370 -124 67
1734687016.988205 370 -121 76
1734687016.998645 385 -122 61
1734687017.010092 403 -125 61
1734687017.018459 393 -125 63
1734687017.028621 390 -113 66
1734687017.037908 390 -127 65
1734687017.048087 391 -127 65
1734687017.058080 389 -122 69
1734687017.068043 389 -122 64
1734687017.077956 389 -120 68
1734687017.088151 388 -119 74
1734687017.098351 390 -121 74
1734687017.108207 395 -121 67
1734687017.118324 394 -121 72
1734687017.128007 394 -119 68
1734687017.138664 398 -115 68
1734687017.147911 398 -110 73
1734687017.157821 407 -110 69
1734687017.169031 413 -114 65
1734687017.177921 413 -111 76
1734687017.187798 399 -116 76
1734687017.197899 412 -106 72
1734687017.208003 402 -106 65
1734687017.217834 402 -105 70
1734687017.229242 411 -108 67
1734687017.237942 412 -110 67
1734687017.248110 410 -110 64
1734687017.257809 404 -103 70
1734687017.268107 404 -105 68
1734687017.277911 410 -113 68
1734687017.288161 411 -104 63
1734687017.298459 414 -104 67
1734687017.308117 414 -100 59
1734687017.317952 406 -99 61
1734687017.328440 418 -105 61
1734687017.338503 417 -91 64
1734687017.348202 414 -91 60
1734687017.357754 414 -95 62
1734687017.368016 425 -88 73
1734687017.378834 426 -103 73
1734687017.388066 428 -103 79
1734687017.397890 428 -102 75
1734687017.409644 428 -95 71
1734687017.418006 435 -102 71
1734687017.428777 433 -90 60
1734687017.437831 436 -90 76
1734687017.448277 433 -90 75
1734687017.458408 433 -93 72
1734687017.468371 435 -93 72
1734687017.477952 430 -94 67
1734687017.487882 436 -94 65
1734687017.497840 436 -80 72
1734687017.507997 438 -94 70
1734687017.517836 436 -94 70
1734687017.528506 447 -94 64
1734687017.538061 438 -82 66
1734687017.548094 438 -88 58
1734687017.557971 449 -73 58
1734687017.567895 454 -85 77
1734687017.578223 451 -85 72
1734687017.587818 451 -72 74
1734687017.599361 446 -83 73
1734687017.608756 449 -84 73
1734687017.618690 452 -82 72
1734687017.629413 448 -82 82
1734687017.638099 448 -77 63
1734687017.647863 451 -72 73
1734687017.657946 449 -70 73
1734687017.668090 455 -70 65
1734687017.679955 456 -71 63
1734687017.688719 456 -72 63
1734687017.698034 449 -70 63
1734687017.707776 454 -72 59
1734687017.718020 455 -72 70
1734687017.728118 455 -70 70
1734687017.737806 462 -63 67
1734687017.747804 456 -68 67
1734687017.758579 463 -62 70
1734687017.769640 464 -62 67
1734687017.778480 464 -59 68
1734687017.788939 466 -54 65
1734687017.797950 465 -62 65
1734687017.808253 466 -62 73
1734687017.820764 471 -62 62
1734687017.828146 471 -71 64
1734687017.838472 468 -53 64
1734687017.849144 463 -54 67
1734687017.861812 465 -60 74
1734687017.867927 465 -60 73
1734687017.880746 475 -60 73
1734687017.887896 472 -42 73
1734687017.898621 472 -47 71
1734687017.908717 476 -47 72
1734687017.917910 476 -46 70
1734687017.927907 468 -45 67
1734687017.938333 471 -40 67
1734687017.947902 469 -40 68
1734687017.957832 468 -47 74
1734687017.967828 468 -36 74
1734687017.978439 485 -36 74
1734687017.988142 468 -37 70
1734687017.998018 477 -37 70
1734687018.007911 477 -40 71
1734687018.017890 472 -36 66
1734687018.030258 480 -31 63
1734687018.037819 468 -31 63
1734687018.047875 492 -29 75
1734687018.058217 492 -37 73
1734687018.068434 474 -28 75
1734687018.079461 482 -30 75
1734687018.087832 490 -30 67
1734687018.098097 484 -19 78
1734687018.107786 484 -33 70
1734687018.118338 479 -23 70
1734687018.129807 483 -25 75
1734687018.138450 473 -25 74
1734687018.147896 473 -22 60
1734687018.157996 479 -15 73
1734687018.168326 486 -18 73
1734687018.177887 482 -18 63
1734687018.188622 485 -17 69
1734687018.197978 485 -17 74
1734687018.208053 486 -18 67
1734687018.217832 490 -17 67
1734687018.229558 494 -12 73
1734687018.238364 489 -12 64
1734687018.248614 489 -20 62
1734687018.259047 484 -19 62
1734687018.267931 487 -13 67
1734687018.279263 490 -13 69
1734687018.290514 490 -14 80
1734687018.297887 491 -11 67
1734687018.308004 492 -4 67
1734687018.317830 494 -4 71
1734687018.328398 487 -3 75
1734687018.338057 487 -7 66
1734687018.347903 491 -5 65
1734687018.357847 493 0 65
1734687018.367844 483 0 77
1734687018.378180 490 -6 81
1734687018.387884 490 10 73
1734687018.397873 496 1 73
1734687018.408891 491 0 69
1734687018.417816 499 0 68
1734687018.428950 497 7 66
1734687018.437940 497 2 71
1734687018.447881 491 4 71
1734687018.457818 494 4 62
1734687018.468479 502 0 70
1734687018.478562 502 -3 64
1734687018.487828 499 5 64
1734687018.498397 499 17 69
1734687018.509608 496 17 70
1734687018.517920 503 11 71
1734687018.529166 503 10 70
1734687018.538218 497 12 70
1734687018.550668 501 21 62
1734687018.557822 503 21 76
1734687018.568386 503 16 62
1734687018.577928 497 13 63
1734687018.588228 505 14 63
1734687018.598183 492 14 68
1734687018.607735 504 3 67
1734687018.617829 504 15 67
1734687018.627912 515 26 67
1734687018.638157 502 18 70
1734687018.648565 501 18 70
1734687018.658448 494 17 68
1734687018.667980 494 18 72
1734687018.678442 502 29 72
1734687018.688607 508 17 67
1734687018.698722 502 17 78
1734687018.708010 502 19 69
1734687018.718056 499 25 67
1734687018.728575 502 20 67
1734687018.738610 508 39 69
1734687018.748720 505 39 70
1734687018.759034 505 23 72
1734687018.767905 503 38 72
1734687018.777978 504 36 66
1734687018.789834 504 36 63
1734687018.798118 512 41 75
1734687018.808014 512 41 71
1734687018.818038 508 38 71
1734687018.827969 508 36 73
1734687018.838093 507 36 74
1734687018.847891 507 43 72
1734687018.859241 496 41 76
1734687018.868174 511 43 76
1734687018.877960 501 43 69
1734687018.888110 495 40 67
1734687018.897834 495 51 71
1734687018.909275 512 51 69
1734687018.917934 515 46 69
1734687018.927876 499 46 66
1734687018.938059 511 39 63
1734687018.947920 511 54 74
1734687018.957790 517 61 74
1734687018.972194 509 50 80
1734687018.987797 516 50 80
1734687018.991325 512 49 60
1734687018.998086 512 60 72
1734687019.007806 508 57 72
1734687019.017958 513 57 73
1734687019.028288 514 59 68
1734687019.037882 514 61 67
1734687019.048069 509 70 65
1734687019.058782 517 61 65
1734687019.067985 512 61 66
1734687019.080123 509 65 74
1734687019.088008 509 70 71
1734687019.097963 515 65 71
1734687019.107825 516 59 64
1734687019.117912 515 59 74
1734687019.128255 515 69 67
1734687019.137859 510 68 73
1734687019.147996 510 73 73
1734687019.158307 518 73 78
1734687019.167957 523 63 70
1734687019.177919 523 73 71
1734687019.188222 512 76 66
1734687019.197910 509 75 66
1734687019.207794 517 75 67
1734687019.218590 514 85 61
1734687019.228594 514 86 64
1734687019.238638 518 81 64
1734687019.247963 519 85 70
1734687019.258133 517 85 72
1734687019.269148 517 87 75
1734687019.278209 515 88 76
1734687019.287923 511 95 76
1734687019.297832 506 95 75
1734687019.307814 515 87 72
1734687019.318320 515 92 70
1734687019.327949 511 90 70
1734687019.338202 506 95 71
1734687019.348100 517 95 64
1734687019.358311 512 96 77
1734687019.368071 512 99 66
1734687019.380960 500 91 66
1734687019.388702 520 94 66
1734687019.398184 511 94 81
1734687019.410462 510 95 71
1734687019.418083 510 107 70
1734687019.428105 515 98 70
1734687019.440685 518 105 79
1734687019.448326 509 105 73
1734687019.459353 509 103 71
1734687019.470676 515 117 67
1734687019.477919 522 102 67
1734687019.488047 523 102 65
1734687019.497958 503 106 67
1734687019.508336 503 101 68
1734687019.518153 514 113 68
1734687019.531841 515 107 66
1734687019.538963 517 107 66
1734687019.550825 513 110 72
1734687019.560183 513 109 64
1734687019.568581 510 117 64
1734687019.577920 514 117 69
1734687019.590176 512 117 74
1734687019.601270 512 117 65
1734687019.608707 510 116 71
1734687019.618263 512 123 71
1734687019.628647 508 123 67
1734687019.638031 502 115 78
1734687019.648340 502 129 73
1734687019.658126 514 121 73
1734687019.668828 511 130 78
1734687019.678166 508 130 72
1734687019.688577 508 132 68
1734687019.698582 511 132 58
1734687019.709319 506 128 58
1734687019.717990 509 128 71
1734687019.728811 514 138 78
1734687019.741498 511 136 63
1734687019.751362 511 137 70
1734687019.758639 505 140 70
1734687019.768006 503 140 67
1734687019.779283 505 142 66
1734687019.788347 505 139 67
1734687019.798671 502 133 67
1734687019.809371 509 146 54
1734687019.818810 503 146 76
1734687019.828497 503 148 71
1734687019.838020 501 143 75
1734687019.848021 507 143 75
1734687019.857849 499 143 68
1734687019.867898 497 140 74
1734687019.878021 497 146 64
1734687019.888114 500 140 64
1734687019.899603 515 145 66
1734687019.908469 512 145 75
1734687019.918099 514 136 72
1734687019.928150 514 130 79
1734687019.938184 505 141 79
1734687019.948628 510 146 64
1734687019.958149 500 146 65
1734687019.968024 500 141 79
1734687019.979488 506 137 66
1734687019.990521 497 139 66
1734687019.997834 509 139 66
1734687020.008753 498 136 64
1734687020.019746 498 143 76
1734687020.028446 509 154 71
1734687020.038031 506 141 71
1734687020.048117 500 141 66
1734687020.057894 500 146 63
1734687020.068274 505 140 71
1734687020.078202 501 146 71
1734687020.088154 504 137 70
1734687020.098583 498 137 70
1734687020.107758 498 150 70
1734687020.118372 501 140 71
1734687020.127992 506 144 71
1734687020.138031 505 144 65
1734687020.148029 510 144 62
1734687020.157810 510 144 66
1734687020.167880 509 144 66
1734687020.177909 500 148 71
1734687020.187792 501 148 69
1734687020.198701 505 147 74
1734687020.208315 505 143 68
1734687020.219661 502 146 68
1734687020.227928 500 142 77
1734687020.237933 503 142 71
1734687020.247967 503 137 69
1734687020.257800 491 145 72
1734687020.268396 502 145 72
1734687020.278060 508 145 66
1734687020.287824 496 150 77
1734687020.297786 496 133 66
1734687020.308030 498 141 66
1734687020.317831 500 145 73
1734687020.330499 512 145 66
1734687020.339280 506 150 68
1734687020.347908 506 137 67
1734687020.358042 513 133 67
1734687020.367893 504 144 69
1734687020.377916 512 144 71
1734687020.387892 512 149 67
1734687020.398102 510 140 73
1734687020.407775 507 145 73
1734687020.417805 509 145 65
1734687020.428068 506 144 67
1734687020.437828 506 142 66
1734687020.448652 508 143 66
1734687020.457966 512 139 66
1734687020.468656 501 139 67
1734687020.479287 510 146 67
1734687020.487944 510 145 63
1734687020.497932 514 140 63
1734687020.507930 512 145 78
1734687020.518628 509 145 63
1734687020.530407 509 145 70
1734687020.537957 505 141 68
1734687020.548636 500 145 68
1734687020.558114 508 145 70
1734687020.567891 498 152 78
1734687020.578994 498 145 73
1734687020.588796 501 132 75
1734687020.598259 499 134 75
1734687020.610135 496 136 70
1734687020.621684 514 136 70
1734687020.628335 514 147 69
1734687020.638280 506 151 69
1734687020.649040 507 135 74
1734687020.657897 508 135 73
1734687020.667866 508 150 79
1734687020.681086 508 129 59
1734687020.688281 502 140 59
1734687020.698089 505 140 78
1734687020.710757 511 149 76
1734687020.718008 511 143 71
1734687020.727916 512 140 71
1734687020.746773 504 133 76
1734687020.748744 504 133 76
1734687020.758417 508 150 70
1734687020.767834 508 139 74
1734687020.779130 511 144 67
1734687020.787926 508 143 67
1734687020.798498 510 143 79
1734687020.808503 510 132 70
1734687020.818160 517 140 72
1734687020.829161 517 138 72
1734687020.838066 503 138 68
1734687020.848048 502 143 68
1734687020.861351 507 148 68
1734687020.869389 507 135 74
1734687020.878019 492 148 74
1734687020.888316 506 148 72
1734687020.898306 514 138 75
1734687020.909717 514 142 73
1734687020.918135 504 143 73
1734687020.928483 510 150 66
1734687020.937822 511 150 72
1734687020.947838 511 158 63
1734687020.960370 511 154 74
1734687020.967991 499 141 74
1734687020.977925 503 141 79
1734687020.988456 504 146 68
1734687020.997828 504 134 76
1734687021.008136 504 137 76
1734687021.017984 508 138 76
1734687021.027917 506 138 66
1734687021.039624 504 149 81
1734687021.047924 504 140 78
1734687021.057944 498 139 78
1734687021.067827 508 152 69
1734687021.078367 503 152 74
1734687021.088667 503 144 71
1734687021.097891 498 134 78
1734687021.108012 509 141 78
1734687021.117918 502 141 65
1734687021.128981 501 139 84
1734687021.138029 501 144 66
1734687021.147847 503 141 66
1734687021.160193 496 145 75
1734687021.167944 506 145 75
1734687021.178569 498 145 69
1734687021.188677 498 146 69
1734687021.198262 501 139 69
1734687021.207954 512 136 72
1734687021.217883 504 136 72
1734687021.229468 506 140 70
1734687021.237980 506 137 64
1734687021.248025 518 143 64
1734687021.258019 514 143 73
1734687021.267921 512 138 65
1734687021.279595 512 144 72
1734687021.287936 506 140 72
1734687021.298063 510 143 63
1734687021.307922 515 143 75
1734687021.318369 509 135 76
1734687021.327967 509 133 67
1734687021.338016 506 134 67
1734687021.347910 506 147 67
1734687021.357870 496 147 71
1734687021.367910 496 143 74
1734687021.378675 508 140 69
1734687021.387907 500 130 69
1734687021.397901 494 130 74
1734687021.408789 497 139 72
1734687021.417896 497 149 77
1734687021.428809 501 136 75
1734687021.438193 501 148 75
1734687021.448283 505 148 79
1734687021.458826 503 128 71
1734687021.468479 503 143 79
1734687021.481786 500 137 68
1734687021.487938 512 137 68
1734687021.500322 493 137 74
1734687021.512181 512 130 68
1734687021.518811 512 129 72
1734687021.529347 505 132 72
1734687021.542961 502 130 77
1734687021.549405 511 130 76
1734687021.562418 511 132 75
1734687021.568218 511 133 75
1734687021.577924 497 129 74
1734687021.589396 506 129 74
1734687021.597891 506 130 69
1734687021.607993 518 129 68
1734687021.618203 504 118 68
1734687021.628005 511 136 66
1734687021.637996 506 136 76
1734687021.648032 506 119 73
1734687021.658478 506 136 74
1734687021.667940 506 127 74
1734687021.678232 513 127 79
1734687021.687903 509 119 75
1734687021.698280 509 128 69
1734687021.708447 510 125 74
1734687021.718297 513 112 74
1734687021.728517 507 112 71
1734687021.738378 503 130 72
1734687021.748719 503 113 68
1734687021.758210 508 117 68
1734687021.767831 518 117 71
1734687021.778294 511 117 63
1734687021.789023 511 107 76
1734687021.797984 501 114 69
1734687021.809960 520 107 69
1734687021.818107 500 107 65
1734687021.828006 517 105 69
1734687021.837967 517 110 62
1734687021.847900 504 101 62
1734687021.858024 504 103 79
1734687021.867920 502 103 69
1734687021.878914 515 111 72
1734687021.888174 515 106 76
1734687021.898934 516 90 76
1734687021.907757 505 90 65
1734687021.918275 514 108 71
1734687021.927903 514 106 80